<?xml version="1.0" encoding="UTF-8"?>
<!-- Generated by org.testng.reporters.JUnitXMLReporter -->
<testsuite hostname="DESKTOP-IUQKNDU" ignored="0" name="Sanity" tests="3" failures="0" timestamp="30 Mar 2021 16:33:25 GMT" time="0.117" errors="0">
  <testcase name="@BeforeTest setup" time="0.065" classname="tests.HomePageTest">
    <failure type="java.lang.IllegalStateException" message="The driver executable must exist: C:\Users\Rajesh\Documents\NakeMyTrpAutomationFramework\usr.dir\NakeMyTrpAutomationFramework\src\main\resources\chromedriver.exe">
      <![CDATA[java.lang.IllegalStateException: The driver executable must exist: C:\Users\Rajesh\Documents\NakeMyTrpAutomationFramework\usr.dir\NakeMyTrpAutomationFramework\src\main\resources\chromedriver.exe
at org.openqa.selenium.internal.Require$FileStateChecker.isFile(Require.java:282)
at org.openqa.selenium.remote.service.DriverService.checkExecutable(DriverService.java:154)
at org.openqa.selenium.remote.service.DriverService.findExecutable(DriverService.java:149)
at org.openqa.selenium.chrome.ChromeDriverService.access$000(ChromeDriverService.java:37)
at org.openqa.selenium.chrome.ChromeDriverService$Builder.findDefaultExecutable(ChromeDriverService.java:222)
at org.openqa.selenium.remote.service.DriverService$Builder.build(DriverService.java:405)
at org.openqa.selenium.chrome.ChromeDriverService.createServiceWithConfig(ChromeDriverService.java:133)
at org.openqa.selenium.chrome.ChromeDriver.<init>(ChromeDriver.java:139)
at base.Base.initialize(Base.java:36)
at tests.HomePageTest.setup(HomePageTest.java:17)
... Removed 28 stack frames]]>
    </failure>
  </testcase> <!-- @BeforeTest setup -->
  <testcase name="@AfterTest tearDown" time="0.0" classname="tests.HomePageTest">
    <skipped/>
  </testcase> <!-- @AfterTest tearDown -->
  <testcase name="ClickSearchButtonTest" time="0.0" classname="tests.HomePageTest">
    <skipped/>
  </testcase> <!-- ClickSearchButtonTest -->
  <testcase name="homePageTest1" time="0.0" classname="tests.HomePageTest">
    <skipped/>
  </testcase> <!-- homePageTest1 -->
  <testcase name="homePageTest2" time="0.0" classname="tests.HomePageTest">
    <skipped/>
  </testcase> <!-- homePageTest2 -->
</testsuite> <!-- Sanity -->
