<?xml version="1.0" encoding="UTF-8"?>
<!-- Generated by org.testng.reporters.JUnitReportReporter -->
<testsuite skipped="6" hostname="DESKTOP-IUQKNDU" name="tests.HomePageTest" tests="7" failures="0" timestamp="30 Mar 2021 16:33:26 GMT" time="0.065" errors="1">
  <testcase name="homePageTest2" time="0.000" classname="tests.HomePageTest">
    <skipped/>
  </testcase> <!-- homePageTest2 -->
  <testcase name="homePageTest1" time="0.000" classname="tests.HomePageTest">
    <skipped/>
  </testcase> <!-- homePageTest1 -->
  <testcase name="homePageTest2" time="0.000" classname="tests.HomePageTest">
    <skipped/>
  </testcase> <!-- homePageTest2 -->
  <testcase name="setup" time="0.065" classname="tests.HomePageTest">
    <error type="java.lang.IllegalStateException" message="The driver executable must exist: C:\Users\Rajesh\Documents\NakeMyTrpAutomationFramework\usr.dir\NakeMyTrpAutomationFramework\src\main\resources\chromedriver.exe">
      <![CDATA[java.lang.IllegalStateException: The driver executable must exist: C:\Users\Rajesh\Documents\NakeMyTrpAutomationFramework\usr.dir\NakeMyTrpAutomationFramework\src\main\resources\chromedriver.exe
at org.openqa.selenium.internal.Require$FileStateChecker.isFile(Require.java:282)
at org.openqa.selenium.remote.service.DriverService.checkExecutable(DriverService.java:154)
at org.openqa.selenium.remote.service.DriverService.findExecutable(DriverService.java:149)
at org.openqa.selenium.chrome.ChromeDriverService.access$000(ChromeDriverService.java:37)
at org.openqa.selenium.chrome.ChromeDriverService$Builder.findDefaultExecutable(ChromeDriverService.java:222)
at org.openqa.selenium.remote.service.DriverService$Builder.build(DriverService.java:405)
at org.openqa.selenium.chrome.ChromeDriverService.createServiceWithConfig(ChromeDriverService.java:133)
at org.openqa.selenium.chrome.ChromeDriver.<init>(ChromeDriver.java:139)
at base.Base.initialize(Base.java:36)
at tests.HomePageTest.setup(HomePageTest.java:17)
at sun.reflect.NativeMethodAccessorImpl.invoke0(Native Method)
at sun.reflect.NativeMethodAccessorImpl.invoke(NativeMethodAccessorImpl.java:62)
at sun.reflect.DelegatingMethodAccessorImpl.invoke(DelegatingMethodAccessorImpl.java:43)
at java.lang.reflect.Method.invoke(Method.java:497)
at org.testng.internal.MethodInvocationHelper.invokeMethod(MethodInvocationHelper.java:124)
at org.testng.internal.MethodInvocationHelper.invokeMethodConsideringTimeout(MethodInvocationHelper.java:59)
at org.testng.internal.Invoker.invokeConfigurationMethod(Invoker.java:458)
at org.testng.internal.Invoker.invokeConfigurations(Invoker.java:222)
at org.testng.internal.Invoker.invokeConfigurations(Invoker.java:142)
at org.testng.TestRunner.beforeRun(TestRunner.java:529)
at org.testng.TestRunner.run(TestRunner.java:497)
at org.testng.SuiteRunner.runTest(SuiteRunner.java:455)
at org.testng.SuiteRunner.runSequentially(SuiteRunner.java:450)
at org.testng.SuiteRunner.privateRun(SuiteRunner.java:415)
at org.testng.SuiteRunner.run(SuiteRunner.java:364)
at org.testng.SuiteRunnerWorker.runSuite(SuiteRunnerWorker.java:52)
at org.testng.SuiteRunnerWorker.run(SuiteRunnerWorker.java:84)
at org.testng.TestNG.runSuitesSequentially(TestNG.java:1208)
at org.testng.TestNG.runSuitesLocally(TestNG.java:1137)
at org.testng.TestNG.runSuites(TestNG.java:1049)
at org.testng.TestNG.run(TestNG.java:1017)
at org.apache.maven.surefire.testng.TestNGExecutor.run(TestNGExecutor.java:284)
at org.apache.maven.surefire.testng.TestNGXmlTestSuite.execute(TestNGXmlTestSuite.java:75)
at org.apache.maven.surefire.testng.TestNGProvider.invoke(TestNGProvider.java:119)
at org.apache.maven.surefire.booter.ForkedBooter.runSuitesInProcess(ForkedBooter.java:428)
at org.apache.maven.surefire.booter.ForkedBooter.execute(ForkedBooter.java:162)
at org.apache.maven.surefire.booter.ForkedBooter.run(ForkedBooter.java:562)
at org.apache.maven.surefire.booter.ForkedBooter.main(ForkedBooter.java:548)
]]>
    </error>
  </testcase> <!-- setup -->
  <testcase name="homePageTest1" time="0.000" classname="tests.HomePageTest">
    <skipped/>
  </testcase> <!-- homePageTest1 -->
  <testcase name="ClickSearchButtonTest" time="0.000" classname="tests.HomePageTest">
    <skipped/>
  </testcase> <!-- ClickSearchButtonTest -->
  <testcase name="ClickSearchButtonTest" time="0.000" classname="tests.HomePageTest">
    <skipped/>
  </testcase> <!-- ClickSearchButtonTest -->
</testsuite> <!-- tests.HomePageTest -->
